2025-08-19 04:27:26,549 - INFO - Action: Starting simple scraper
2025-08-19 04:27:26,549 - INFO - Scraping brand: Junya Watanabe
2025-08-19 04:27:26,550 - INFO - Action: Starting scrape for brand: Junya Watanabe
2025-08-19 04:27:26,550 - INFO - Action: Making request to: https://www.therealreal.com/shop?keywords=Junya+Watanabe&price_max=100&sort=price_low_to_high&department=men
2025-08-19 04:27:27,347 - INFO - Page title: All Categories | The RealReal
2025-08-19 04:27:27,367 - INFO - Found 119 items with selector: .product-card
2025-08-19 04:27:27,368 - INFO - Action: Found product
2025-08-19 04:27:27,368 - INFO - Action: Found product
2025-08-19 04:27:27,370 - INFO - Action: Found product
2025-08-19 04:27:27,373 - INFO - Action: Found product
2025-08-19 04:27:27,375 - INFO - Action: Found product
2025-08-19 04:27:27,376 - INFO - Action: Found product
2025-08-19 04:27:46,596 - INFO - Scraping brand: Comme Des Garçons
2025-08-19 04:27:46,598 - INFO - Action: Starting scrape for brand: Comme Des Garçons
2025-08-19 04:27:46,598 - INFO - Action: Making request to: https://www.therealreal.com/shop?keywords=Comme+Des+Gar%C3%A7ons&price_max=100&sort=price_low_to_high&department=men
2025-08-19 04:27:47,189 - INFO - Page title: All Categories | The RealReal
2025-08-19 04:27:47,208 - INFO - Found 119 items with selector: .product-card
2025-08-19 04:27:47,210 - INFO - Action: Found product
2025-08-19 04:27:47,211 - INFO - Action: Found product
2025-08-19 04:27:47,212 - INFO - Action: Found product
2025-08-19 04:27:47,212 - INFO - Action: Found product
2025-08-19 04:27:47,212 - INFO - Action: Found product
2025-08-19 04:27:47,213 - INFO - Action: Found product
2025-08-19 04:27:47,214 - INFO - Action: Found product
2025-08-19 04:27:47,214 - INFO - Action: Found product
2025-08-19 04:27:47,215 - INFO - Action: Found product
2025-08-19 04:27:47,216 - INFO - Action: Found product
2025-08-19 04:27:47,216 - INFO - Action: Found product
2025-08-19 04:27:47,219 - INFO - Action: Found product
2025-08-19 04:27:47,221 - INFO - Action: Found product
2025-08-19 04:27:47,223 - INFO - Action: Found product
2025-08-19 04:27:47,224 - INFO - Action: Found product
2025-08-19 04:27:47,225 - INFO - Action: Found product
2025-08-19 04:27:47,225 - INFO - Action: Found product
2025-08-19 04:28:15,681 - INFO - Scraping brand: CDG
2025-08-19 04:28:15,682 - INFO - Action: Starting scrape for brand: CDG
2025-08-19 04:28:15,682 - INFO - Action: Making request to: https://www.therealreal.com/shop?keywords=CDG&price_max=100&sort=price_low_to_high&department=men
2025-08-19 04:28:16,123 - INFO - Page title: All Categories | The RealReal
2025-08-19 04:28:16,136 - INFO - Found 46 items with selector: .product-card
2025-08-19 04:28:16,136 - INFO - Action: Found product
2025-08-19 04:28:16,137 - INFO - Action: Found product
2025-08-19 04:28:16,137 - INFO - Action: Found product
2025-08-19 04:28:16,138 - INFO - Action: Found product
2025-08-19 04:28:16,140 - INFO - Action: Found product
2025-08-19 04:28:16,140 - INFO - Action: Found product
2025-08-19 04:28:16,140 - INFO - Action: Found product
2025-08-19 04:28:16,140 - INFO - Action: Found product
2025-08-19 04:28:16,141 - INFO - Action: Found product
2025-08-19 04:28:16,142 - INFO - Action: Found product
2025-08-19 04:28:16,142 - INFO - Action: Found product
2025-08-19 04:28:38,430 - INFO - Scraping brand: Rick Owens
2025-08-19 04:28:38,430 - INFO - Action: Starting scrape for brand: Rick Owens
2025-08-19 04:28:38,431 - INFO - Action: Making request to: https://www.therealreal.com/shop?keywords=Rick+Owens&price_max=100&sort=price_low_to_high&department=men
2025-08-19 04:28:38,992 - INFO - Page title: All Categories | The RealReal
2025-08-19 04:28:39,011 - INFO - Found 119 items with selector: .product-card
2025-08-19 04:28:39,025 - INFO - Action: Found product
2025-08-19 04:29:03,122 - INFO - Action: Scraping completed
2025-08-19 04:29:03,125 - INFO - Results saved to therealreal_results_20250819_042903.json
2025-08-19 04:29:03,461 - ERROR - Discord webhook failed: 400
2025-08-19 04:29:04,163 - ERROR - Discord webhook failed: 400
2025-08-19 04:29:04,888 - ERROR - Discord webhook failed: 400
2025-08-19 04:29:05,623 - ERROR - Discord webhook failed: 400
2025-08-19 04:29:06,346 - ERROR - Discord webhook failed: 400
2025-08-19 04:29:07,079 - ERROR - Discord webhook failed: 400
2025-08-19 04:29:07,834 - ERROR - Discord webhook failed: 400
2025-08-19 04:29:08,546 - ERROR - Discord webhook failed: 400
2025-08-19 04:29:09,330 - ERROR - Discord webhook failed: 400
2025-08-19 04:29:10,052 - ERROR - Discord webhook failed: 400
2025-08-19 04:29:10,766 - ERROR - Discord webhook failed: 400
2025-08-19 04:29:11,505 - ERROR - Discord webhook failed: 400
2025-08-19 04:29:12,228 - ERROR - Discord webhook failed: 400
2025-08-19 04:29:12,997 - ERROR - Discord webhook failed: 400
2025-08-19 04:29:13,704 - ERROR - Discord webhook failed: 400
2025-08-19 04:29:14,491 - ERROR - Discord webhook failed: 400
2025-08-19 04:29:15,226 - ERROR - Discord webhook failed: 400
2025-08-19 04:29:15,969 - ERROR - Discord webhook failed: 400
2025-08-19 04:29:16,725 - ERROR - Discord webhook failed: 400
2025-08-19 04:29:17,573 - ERROR - Discord webhook failed: 400
2025-08-19 04:29:18,715 - ERROR - Discord webhook failed: 400
2025-08-19 04:29:19,440 - ERROR - Discord webhook failed: 400
2025-08-19 04:29:20,162 - ERROR - Discord webhook failed: 400
2025-08-19 04:29:20,875 - ERROR - Discord webhook failed: 400
2025-08-19 04:29:21,587 - ERROR - Discord webhook failed: 400
2025-08-19 04:29:22,297 - ERROR - Discord webhook failed: 400
2025-08-19 04:29:23,014 - ERROR - Discord webhook failed: 400
2025-08-19 04:29:23,738 - ERROR - Discord webhook failed: 400
2025-08-19 04:29:24,469 - ERROR - Discord webhook failed: 400
2025-08-19 04:29:25,180 - ERROR - Discord webhook failed: 400
2025-08-19 04:29:25,919 - ERROR - Discord webhook failed: 400
2025-08-19 04:29:26,639 - ERROR - Discord webhook failed: 400
2025-08-19 04:29:27,423 - ERROR - Discord webhook failed: 400
2025-08-19 04:29:28,163 - ERROR - Discord webhook failed: 400
