2025-08-19 04:35:09,478 - INFO - Action: Starting simple scraper
2025-08-19 04:35:09,478 - INFO - Scraping brand: Junya Watanabe
2025-08-19 04:35:09,478 - INFO - Action: Starting scrape for brand: Junya Watanabe
2025-08-19 04:35:09,478 - INFO - Action: Making request to: https://www.therealreal.com/shop?keywords=Junya+Watanabe&price_max=100&sort=price_low_to_high&department=men
2025-08-19 04:35:10,299 - INFO - Page title: All Categories | The RealReal
2025-08-19 04:35:10,317 - INFO - Found 119 items with selector: .product-card
2025-08-19 04:35:10,318 - INFO - Action: Found product
2025-08-19 04:35:10,319 - INFO - Action: Found product
2025-08-19 04:35:10,321 - INFO - Action: Found product
2025-08-19 04:35:10,323 - INFO - Action: Found product
2025-08-19 04:35:10,325 - INFO - Action: Found product
2025-08-19 04:35:10,326 - INFO - Action: Found product
2025-08-19 04:35:30,909 - INFO - Scraping brand: Comme Des Garçons
2025-08-19 04:35:30,910 - INFO - Action: Starting scrape for brand: Comme Des Garçons
2025-08-19 04:35:30,910 - INFO - Action: Making request to: https://www.therealreal.com/shop?keywords=Comme+Des+Gar%C3%A7ons&price_max=100&sort=price_low_to_high&department=men
2025-08-19 04:35:31,484 - INFO - Page title: All Categories | The RealReal
2025-08-19 04:35:31,503 - INFO - Found 119 items with selector: .product-card
2025-08-19 04:35:31,505 - INFO - Action: Found product
2025-08-19 04:35:31,506 - INFO - Action: Found product
2025-08-19 04:35:31,507 - INFO - Action: Found product
2025-08-19 04:35:31,507 - INFO - Action: Found product
2025-08-19 04:35:31,507 - INFO - Action: Found product
2025-08-19 04:35:31,508 - INFO - Action: Found product
2025-08-19 04:35:31,509 - INFO - Action: Found product
2025-08-19 04:35:31,509 - INFO - Action: Found product
2025-08-19 04:35:31,510 - INFO - Action: Found product
2025-08-19 04:35:31,511 - INFO - Action: Found product
2025-08-19 04:35:31,512 - INFO - Action: Found product
2025-08-19 04:35:31,514 - INFO - Action: Found product
2025-08-19 04:35:31,516 - INFO - Action: Found product
2025-08-19 04:35:31,518 - INFO - Action: Found product
2025-08-19 04:35:31,519 - INFO - Action: Found product
2025-08-19 04:35:31,519 - INFO - Action: Found product
2025-08-19 04:35:31,520 - INFO - Action: Found product
2025-08-19 04:35:52,454 - INFO - Scraping brand: CDG
2025-08-19 04:35:52,456 - INFO - Action: Starting scrape for brand: CDG
2025-08-19 04:35:52,456 - INFO - Action: Making request to: https://www.therealreal.com/shop?keywords=CDG&price_max=100&sort=price_low_to_high&department=men
2025-08-19 04:35:52,903 - INFO - Page title: All Categories | The RealReal
2025-08-19 04:35:52,916 - INFO - Found 46 items with selector: .product-card
2025-08-19 04:35:52,917 - INFO - Action: Found product
2025-08-19 04:35:52,917 - INFO - Action: Found product
2025-08-19 04:35:52,917 - INFO - Action: Found product
2025-08-19 04:35:52,918 - INFO - Action: Found product
2025-08-19 04:35:52,920 - INFO - Action: Found product
2025-08-19 04:35:52,921 - INFO - Action: Found product
2025-08-19 04:35:52,921 - INFO - Action: Found product
2025-08-19 04:35:52,921 - INFO - Action: Found product
2025-08-19 04:35:52,921 - INFO - Action: Found product
2025-08-19 04:35:52,922 - INFO - Action: Found product
2025-08-19 04:35:52,922 - INFO - Action: Found product
2025-08-19 04:36:11,168 - INFO - Scraping brand: Rick Owens
2025-08-19 04:36:11,168 - INFO - Action: Starting scrape for brand: Rick Owens
2025-08-19 04:36:11,169 - INFO - Action: Making request to: https://www.therealreal.com/shop?keywords=Rick+Owens&price_max=100&sort=price_low_to_high&department=men
2025-08-19 04:36:11,680 - INFO - Page title: All Categories | The RealReal
2025-08-19 04:36:11,698 - INFO - Found 119 items with selector: .product-card
2025-08-19 04:36:11,712 - INFO - Action: Found product
2025-08-19 04:36:39,791 - INFO - Action: Scraping completed
2025-08-19 04:36:39,795 - INFO - Results saved to therealreal_results_20250819_043639.json
2025-08-19 04:36:40,174 - INFO - ✅ Sent to Discord: Unknown Product...
2025-08-19 04:36:41,518 - INFO - ✅ Sent to Discord: Unknown Product...
2025-08-19 04:36:42,840 - INFO - ✅ Sent to Discord: Unknown Product...
2025-08-19 04:36:44,163 - INFO - ✅ Sent to Discord: Unknown Product...
2025-08-19 04:36:45,440 - INFO - ✅ Sent to Discord: Unknown Product...
2025-08-19 04:36:46,928 - INFO - ✅ Sent to Discord: Unknown Product...
2025-08-19 04:36:48,387 - INFO - ✅ Sent to Discord: Unknown Product...
2025-08-19 04:36:49,865 - INFO - ✅ Sent to Discord: Unknown Product...
2025-08-19 04:36:51,222 - INFO - ✅ Sent to Discord: Unknown Product...
2025-08-19 04:36:52,553 - INFO - ✅ Sent to Discord: Unknown Product...
2025-08-19 04:36:53,937 - INFO - ✅ Sent to Discord: Unknown Product...
2025-08-19 04:36:55,205 - INFO - ✅ Sent to Discord: Unknown Product...
2025-08-19 04:36:56,678 - INFO - ✅ Sent to Discord: Unknown Product...
2025-08-19 04:36:58,124 - INFO - ✅ Sent to Discord: Unknown Product...
2025-08-19 04:36:59,384 - INFO - ✅ Sent to Discord: Unknown Product...
2025-08-19 04:37:00,692 - INFO - ✅ Sent to Discord: Unknown Product...
2025-08-19 04:37:02,055 - INFO - ✅ Sent to Discord: Unknown Product...
2025-08-19 04:37:03,400 - INFO - ✅ Sent to Discord: Unknown Product...
2025-08-19 04:37:04,792 - INFO - ✅ Sent to Discord: Unknown Product...
2025-08-19 04:37:06,172 - INFO - ✅ Sent to Discord: Unknown Product...
2025-08-19 04:37:07,488 - INFO - ✅ Sent to Discord: Unknown Product...
2025-08-19 04:37:08,807 - INFO - ✅ Sent to Discord: Unknown Product...
2025-08-19 04:37:10,167 - INFO - ✅ Sent to Discord: Unknown Product...
2025-08-19 04:37:11,461 - INFO - ✅ Sent to Discord: Unknown Product...
2025-08-19 04:37:12,774 - INFO - ✅ Sent to Discord: Unknown Product...
2025-08-19 04:37:14,083 - INFO - ✅ Sent to Discord: Unknown Product...
2025-08-19 04:37:15,446 - INFO - ✅ Sent to Discord: See Similar...
2025-08-19 04:37:16,940 - INFO - ✅ Sent to Discord: See Similar...
2025-08-19 04:37:18,370 - INFO - ✅ Sent to Discord: See Similar...
2025-08-19 04:37:19,708 - INFO - ✅ Sent to Discord: See Similar...
2025-08-19 04:37:21,000 - INFO - ✅ Sent to Discord: See Similar...
2025-08-19 04:37:22,304 - INFO - ✅ Sent to Discord: See Similar...
2025-08-19 04:37:23,619 - INFO - ✅ Sent to Discord: See Similar...
2025-08-19 04:37:24,946 - INFO - ✅ Sent to Discord: Unknown Product...
