2025-08-25 04:15:21,286 - INFO - Action: Starting simple scraper
2025-08-25 04:15:21,286 - INFO - Scraping brand: Junya Watanabe
2025-08-25 04:15:21,286 - INFO - Action: Starting scrape for brand: Junya Watanabe
2025-08-25 04:15:21,286 - INFO - Action: Making request to: https://www.therealreal.com/shop?keywords=Junya+Watanabe&price_max=100&sort=price_asc&department=men&page=1
2025-08-25 04:15:22,167 - INFO - ✅ Successfully fetched: https://www.therealreal.com/shop?keywords=Junya+Watanabe&price_max=100&sort=price_asc&department=men&page=1
2025-08-25 04:15:22,305 - INFO - Scraping page: All Categories | The RealReal
2025-08-25 04:15:22,324 - INFO - Found 119 items with selector: .product-card
2025-08-25 04:15:22,357 - INFO - Action: Found product
2025-08-25 04:15:22,360 - INFO - Action: Found product
2025-08-25 04:15:22,374 - INFO - Action: Found product
2025-08-25 04:15:22,383 - INFO - Action: Found product
2025-08-25 04:15:44,061 - INFO - Scraping brand: Comme Des Garçons
2025-08-25 04:15:44,062 - INFO - Action: Starting scrape for brand: Comme Des Garçons
2025-08-25 04:15:44,062 - INFO - Action: Making request to: https://www.therealreal.com/shop?keywords=Comme+Des+Gar%C3%A7ons&price_max=100&sort=price_asc&department=men&page=1
2025-08-25 04:15:44,534 - INFO - ✅ Successfully fetched: https://www.therealreal.com/shop?keywords=Comme+Des+Gar%C3%A7ons&price_max=100&sort=price_asc&department=men&page=1
2025-08-25 04:15:44,686 - INFO - Scraping page: All Categories | The RealReal
2025-08-25 04:15:44,705 - INFO - Found 119 items with selector: .product-card
2025-08-25 04:15:44,711 - INFO - Action: Found product
2025-08-25 04:15:44,712 - INFO - Action: Found product
2025-08-25 04:15:44,712 - INFO - Action: Found product
2025-08-25 04:15:44,720 - INFO - Action: Found product
2025-08-25 04:15:44,723 - INFO - Action: Found product
2025-08-25 04:15:44,725 - INFO - Action: Found product
2025-08-25 04:15:44,726 - INFO - Action: Found product
2025-08-25 04:15:44,726 - INFO - Action: Found product
2025-08-25 04:15:44,734 - INFO - Action: Found product
2025-08-25 04:15:44,737 - INFO - Action: Found product
2025-08-25 04:15:44,741 - INFO - Action: Found product
2025-08-25 04:15:44,742 - INFO - Action: Found product
2025-08-25 04:15:44,744 - INFO - Action: Found product
2025-08-25 04:15:44,745 - INFO - Action: Found product
2025-08-25 04:15:44,747 - INFO - Action: Found product
2025-08-25 04:15:44,747 - INFO - Action: Found product
2025-08-25 04:15:44,749 - INFO - Action: Found product
2025-08-25 04:15:44,761 - INFO - Action: Found product
2025-08-25 04:15:44,762 - INFO - Action: Found product
2025-08-25 04:15:44,770 - INFO - Action: Found product
2025-08-25 04:16:05,489 - INFO - Scraping brand: CDG
2025-08-25 04:16:05,489 - INFO - Action: Starting scrape for brand: CDG
2025-08-25 04:16:05,490 - INFO - Action: Making request to: https://www.therealreal.com/shop?keywords=CDG&price_max=100&sort=price_asc&department=men&page=1
2025-08-25 04:16:05,789 - INFO - ✅ Successfully fetched: https://www.therealreal.com/shop?keywords=CDG&price_max=100&sort=price_asc&department=men&page=1
2025-08-25 04:16:05,900 - INFO - Scraping page: All Categories | The RealReal
2025-08-25 04:16:05,913 - INFO - Found 46 items with selector: .product-card
2025-08-25 04:16:05,914 - INFO - Action: Found product
2025-08-25 04:16:05,915 - INFO - Action: Found product
2025-08-25 04:16:05,916 - INFO - Action: Found product
2025-08-25 04:16:05,919 - INFO - Action: Found product
2025-08-25 04:16:05,919 - INFO - Action: Found product
2025-08-25 04:16:31,010 - INFO - Scraping brand: Rick Owens
2025-08-25 04:16:31,010 - INFO - Action: Starting scrape for brand: Rick Owens
2025-08-25 04:16:31,011 - INFO - Action: Making request to: https://www.therealreal.com/shop?keywords=Rick+Owens&price_max=100&sort=price_asc&department=men&page=1
2025-08-25 04:16:31,514 - INFO - ✅ Successfully fetched: https://www.therealreal.com/shop?keywords=Rick+Owens&price_max=100&sort=price_asc&department=men&page=1
2025-08-25 04:16:31,650 - INFO - Scraping page: All Categories | The RealReal
2025-08-25 04:16:31,669 - INFO - Found 119 items with selector: .product-card
2025-08-25 04:16:31,690 - INFO - Action: Found product
2025-08-25 04:16:31,704 - INFO - Action: Found product
2025-08-25 04:17:00,249 - INFO - Results saved to therealreal_results_20250825_041700.json
2025-08-25 04:17:00,522 - INFO - ✅ Sent: JUNYA WATANABE COMME des GARCONS MAN x BARACUTAPat...
2025-08-25 04:17:01,397 - INFO - ✅ Sent: Junya WatanabeSweatpants...
2025-08-25 04:17:02,221 - INFO - ✅ Sent: eye Junya Watanabe Comme des Garçons MAN x Champio...
2025-08-25 04:17:03,056 - INFO - ✅ Sent: Junya Watanabe X ReebokPatent Leather Sneakers...
2025-08-25 04:17:03,961 - INFO - ✅ Sent: Black Comme des Garçons x NikeTerminator High SP S...
2025-08-25 04:17:04,834 - INFO - ✅ Sent: Comme des Garçons Play x ConverseCanvas Printed Sn...
2025-08-25 04:17:05,686 - INFO - ✅ Sent: Comme des Garçons PlayStriped Crew Neck Top...
2025-08-25 04:17:06,493 - INFO - ✅ Sent: Friends and Comme Des Garcons X Jean Paul Gaultier...
2025-08-25 04:17:07,433 - INFO - ✅ Sent: BLACK Comme des GarçonsCrew Neck Long Sleeve Henle...
2025-08-25 04:17:08,269 - INFO - ✅ Sent: Comme des Garçons PlayStriped Crew Neck Top...
2025-08-25 04:17:09,244 - INFO - ✅ Sent: Comme des Garçons PlayCrew Neck Short Sleeve T-Shi...
2025-08-25 04:17:10,083 - INFO - ✅ Sent: Comme des Garçons Play x ConverseCanvas Printed Sn...
2025-08-25 04:17:10,947 - INFO - ✅ Sent: Comme des Garçons PlayStriped Crew Neck Top...
2025-08-25 04:17:11,789 - INFO - ✅ Sent: Comme des Garçons SHIRTCrew Neck Short Sleeve T-Sh...
2025-08-25 04:17:13,112 - INFO - ✅ Sent: Comme des Garçons PlayShort Sleeve Polo...
2025-08-25 04:17:14,126 - INFO - ✅ Sent: Comme des Garçons PlayCrew Neck Short Sleeve T-Shi...
2025-08-25 04:17:15,088 - INFO - ✅ Sent: Comme des Garçons SHIRTStriped Crew Neck Top...
2025-08-25 04:17:15,957 - INFO - ✅ Sent: Comme des Garçons Play x ConverseCanvas Printed Sn...
2025-08-25 04:17:16,860 - INFO - ✅ Sent: Comme des Garçons PlayGraphic Print Crew Neck T-Sh...
2025-08-25 04:17:17,723 - INFO - ✅ Sent: Comme des Garçons Play x ConverseCanvas Printed Sn...
2025-08-25 04:17:18,671 - INFO - ✅ Sent: Comme des GarçonsSolid Nylon Socks...
2025-08-25 04:17:19,562 - INFO - ✅ Sent: Comme des Garçons Play x ConverseCanvas Printed Sn...
2025-08-25 04:17:20,369 - INFO - ✅ Sent: Comme des Garçons PlayGraphic Print Crew Neck T-Sh...
2025-08-25 04:17:21,180 - INFO - ✅ Sent: Comme des GarçonsLeather Printed Sneakers...
2025-08-25 04:17:21,995 - INFO - ✅ Sent: CDG x The North FaceNylon Sneakers...
2025-08-25 04:17:22,824 - INFO - ✅ Sent: CDG x The North FaceNylon Plaid Print Sneakers...
2025-08-25 04:17:23,675 - INFO - ✅ Sent: CDG x The North FaceNylon Colorblock Pattern Sneak...
2025-08-25 04:17:24,534 - INFO - ✅ Sent: Comme des Garçons x SpalwartNylon Sneakers...
2025-08-25 04:17:25,384 - INFO - ✅ Sent: CDG by Comme des GarçonsStriped Long Sleeve Button...
2025-08-25 04:17:26,284 - INFO - ✅ Sent: Rick Owens x ChampionScoop Neck Mini Dress...
2025-08-25 04:17:27,187 - INFO - ✅ Sent: Rick OwensStraight Leg Pants...
