2025-08-25 03:15:14,929 - INFO - Action: Starting simple scraper
2025-08-25 03:15:14,929 - INFO - 🔍 Scraping brand: Junya Watanabe
2025-08-25 03:15:14,929 - INFO - Action: Starting multi-page scrape for brand: Junya Watanabe
2025-08-25 03:15:14,929 - INFO - Scraping Junya Watanabe - Page 1/3
2025-08-25 03:15:14,929 - INFO - URL: https://www.therealreal.com/shop?keywords=Junya+Watanabe&price_max=100&sort=price_low_to_high&department=men&page=1
2025-08-25 03:15:14,929 - INFO - Action: Making request to: https://www.therealreal.com/shop?keywords=Junya+Watanabe&price_max=100&sort=price_low_to_high&department=men&page=1
2025-08-25 03:15:15,983 - INFO - Scraping page: All Categories | The RealReal
2025-08-25 03:15:16,001 - INFO - Found 119 items with selector: .product-card
2025-08-25 03:15:16,002 - ERROR - Error parsing product card: Product.__init__() got an unexpected keyword argument 'source'
2025-08-25 03:15:16,003 - ERROR - Error parsing product card: Product.__init__() got an unexpected keyword argument 'source'
2025-08-25 03:15:16,003 - ERROR - Error parsing product card: Product.__init__() got an unexpected keyword argument 'source'
2025-08-25 03:15:16,004 - ERROR - Error parsing product card: Product.__init__() got an unexpected keyword argument 'source'
2025-08-25 03:15:16,004 - ERROR - Error parsing product card: Product.__init__() got an unexpected keyword argument 'source'
2025-08-25 03:15:16,004 - ERROR - Error parsing product card: Product.__init__() got an unexpected keyword argument 'source'
2025-08-25 03:15:16,005 - ERROR - Error parsing product card: Product.__init__() got an unexpected keyword argument 'source'
2025-08-25 03:15:16,005 - ERROR - Error parsing product card: Product.__init__() got an unexpected keyword argument 'source'
2025-08-25 03:15:16,006 - ERROR - Error parsing product card: Product.__init__() got an unexpected keyword argument 'source'
2025-08-25 03:15:16,006 - ERROR - Error parsing product card: Product.__init__() got an unexpected keyword argument 'source'
2025-08-25 03:15:16,007 - ERROR - Error parsing product card: Product.__init__() got an unexpected keyword argument 'source'
2025-08-25 03:15:16,007 - ERROR - Error parsing product card: Product.__init__() got an unexpected keyword argument 'source'
2025-08-25 03:15:16,007 - ERROR - Error parsing product card: Product.__init__() got an unexpected keyword argument 'source'
2025-08-25 03:15:16,008 - ERROR - Error parsing product card: Product.__init__() got an unexpected keyword argument 'source'
2025-08-25 03:15:16,008 - ERROR - Error parsing product card: Product.__init__() got an unexpected keyword argument 'source'
2025-08-25 03:15:16,009 - ERROR - Error parsing product card: Product.__init__() got an unexpected keyword argument 'source'
2025-08-25 03:15:16,009 - ERROR - Error parsing product card: Product.__init__() got an unexpected keyword argument 'source'
2025-08-25 03:15:16,010 - ERROR - Error parsing product card: Product.__init__() got an unexpected keyword argument 'source'
2025-08-25 03:15:16,010 - ERROR - Error parsing product card: Product.__init__() got an unexpected keyword argument 'source'
2025-08-25 03:15:16,011 - ERROR - Error parsing product card: Product.__init__() got an unexpected keyword argument 'source'
2025-08-25 03:15:16,011 - ERROR - Error parsing product card: Product.__init__() got an unexpected keyword argument 'source'
2025-08-25 03:15:16,011 - ERROR - Error parsing product card: Product.__init__() got an unexpected keyword argument 'source'
2025-08-25 03:15:16,012 - ERROR - Error parsing product card: Product.__init__() got an unexpected keyword argument 'source'
2025-08-25 03:15:16,012 - ERROR - Error parsing product card: Product.__init__() got an unexpected keyword argument 'source'
2025-08-25 03:15:16,013 - ERROR - Error parsing product card: Product.__init__() got an unexpected keyword argument 'source'
2025-08-25 03:15:16,013 - ERROR - Error parsing product card: Product.__init__() got an unexpected keyword argument 'source'
2025-08-25 03:15:16,014 - ERROR - Error parsing product card: Product.__init__() got an unexpected keyword argument 'source'
2025-08-25 03:15:16,014 - ERROR - Error parsing product card: Product.__init__() got an unexpected keyword argument 'source'
2025-08-25 03:15:16,015 - ERROR - Error parsing product card: Product.__init__() got an unexpected keyword argument 'source'
2025-08-25 03:15:16,015 - ERROR - Error parsing product card: Product.__init__() got an unexpected keyword argument 'source'
2025-08-25 03:15:16,015 - ERROR - Error parsing product card: Product.__init__() got an unexpected keyword argument 'source'
2025-08-25 03:15:16,016 - ERROR - Error parsing product card: Product.__init__() got an unexpected keyword argument 'source'
2025-08-25 03:15:16,016 - ERROR - Error parsing product card: Product.__init__() got an unexpected keyword argument 'source'
2025-08-25 03:15:16,017 - ERROR - Error parsing product card: Product.__init__() got an unexpected keyword argument 'source'
2025-08-25 03:15:16,017 - ERROR - Error parsing product card: Product.__init__() got an unexpected keyword argument 'source'
2025-08-25 03:15:16,018 - ERROR - Error parsing product card: Product.__init__() got an unexpected keyword argument 'source'
2025-08-25 03:15:16,018 - ERROR - Error parsing product card: Product.__init__() got an unexpected keyword argument 'source'
2025-08-25 03:15:16,019 - ERROR - Error parsing product card: Product.__init__() got an unexpected keyword argument 'source'
2025-08-25 03:15:16,019 - ERROR - Error parsing product card: Product.__init__() got an unexpected keyword argument 'source'
2025-08-25 03:15:16,020 - ERROR - Error parsing product card: Product.__init__() got an unexpected keyword argument 'source'
2025-08-25 03:15:16,020 - ERROR - Error parsing product card: Product.__init__() got an unexpected keyword argument 'source'
2025-08-25 03:15:16,021 - ERROR - Error parsing product card: Product.__init__() got an unexpected keyword argument 'source'
2025-08-25 03:15:16,021 - ERROR - Error parsing product card: Product.__init__() got an unexpected keyword argument 'source'
2025-08-25 03:15:16,022 - ERROR - Error parsing product card: Product.__init__() got an unexpected keyword argument 'source'
2025-08-25 03:15:16,022 - ERROR - Error parsing product card: Product.__init__() got an unexpected keyword argument 'source'
2025-08-25 03:15:16,023 - ERROR - Error parsing product card: Product.__init__() got an unexpected keyword argument 'source'
2025-08-25 03:15:16,023 - ERROR - Error parsing product card: Product.__init__() got an unexpected keyword argument 'source'
2025-08-25 03:15:16,024 - ERROR - Error parsing product card: Product.__init__() got an unexpected keyword argument 'source'
2025-08-25 03:15:16,024 - ERROR - Error parsing product card: Product.__init__() got an unexpected keyword argument 'source'
2025-08-25 03:15:16,025 - ERROR - Error parsing product card: Product.__init__() got an unexpected keyword argument 'source'
2025-08-25 03:15:16,025 - ERROR - Error parsing product card: Product.__init__() got an unexpected keyword argument 'source'
2025-08-25 03:15:16,026 - ERROR - Error parsing product card: Product.__init__() got an unexpected keyword argument 'source'
2025-08-25 03:15:16,026 - ERROR - Error parsing product card: Product.__init__() got an unexpected keyword argument 'source'
2025-08-25 03:15:16,026 - ERROR - Error parsing product card: Product.__init__() got an unexpected keyword argument 'source'
2025-08-25 03:15:16,027 - ERROR - Error parsing product card: Product.__init__() got an unexpected keyword argument 'source'
2025-08-25 03:15:16,027 - ERROR - Error parsing product card: Product.__init__() got an unexpected keyword argument 'source'
2025-08-25 03:15:16,028 - ERROR - Error parsing product card: Product.__init__() got an unexpected keyword argument 'source'
2025-08-25 03:15:16,028 - ERROR - Error parsing product card: Product.__init__() got an unexpected keyword argument 'source'
2025-08-25 03:15:16,029 - ERROR - Error parsing product card: Product.__init__() got an unexpected keyword argument 'source'
2025-08-25 03:15:16,029 - ERROR - Error parsing product card: Product.__init__() got an unexpected keyword argument 'source'
2025-08-25 03:15:16,030 - ERROR - Error parsing product card: Product.__init__() got an unexpected keyword argument 'source'
2025-08-25 03:15:16,030 - ERROR - Error parsing product card: Product.__init__() got an unexpected keyword argument 'source'
2025-08-25 03:15:16,031 - ERROR - Error parsing product card: Product.__init__() got an unexpected keyword argument 'source'
2025-08-25 03:15:16,031 - ERROR - Error parsing product card: Product.__init__() got an unexpected keyword argument 'source'
2025-08-25 03:15:16,032 - ERROR - Error parsing product card: Product.__init__() got an unexpected keyword argument 'source'
2025-08-25 03:15:16,032 - ERROR - Error parsing product card: Product.__init__() got an unexpected keyword argument 'source'
2025-08-25 03:15:16,033 - ERROR - Error parsing product card: Product.__init__() got an unexpected keyword argument 'source'
2025-08-25 03:15:16,033 - ERROR - Error parsing product card: Product.__init__() got an unexpected keyword argument 'source'
2025-08-25 03:15:16,034 - ERROR - Error parsing product card: Product.__init__() got an unexpected keyword argument 'source'
2025-08-25 03:15:16,034 - ERROR - Error parsing product card: Product.__init__() got an unexpected keyword argument 'source'
2025-08-25 03:15:16,035 - ERROR - Error parsing product card: Product.__init__() got an unexpected keyword argument 'source'
2025-08-25 03:15:16,035 - ERROR - Error parsing product card: Product.__init__() got an unexpected keyword argument 'source'
2025-08-25 03:15:16,036 - ERROR - Error parsing product card: Product.__init__() got an unexpected keyword argument 'source'
2025-08-25 03:15:16,036 - ERROR - Error parsing product card: Product.__init__() got an unexpected keyword argument 'source'
2025-08-25 03:15:16,037 - ERROR - Error parsing product card: Product.__init__() got an unexpected keyword argument 'source'
2025-08-25 03:15:16,037 - ERROR - Error parsing product card: Product.__init__() got an unexpected keyword argument 'source'
2025-08-25 03:15:16,038 - ERROR - Error parsing product card: Product.__init__() got an unexpected keyword argument 'source'
2025-08-25 03:15:16,038 - ERROR - Error parsing product card: Product.__init__() got an unexpected keyword argument 'source'
2025-08-25 03:15:16,038 - ERROR - Error parsing product card: Product.__init__() got an unexpected keyword argument 'source'
2025-08-25 03:15:16,039 - ERROR - Error parsing product card: Product.__init__() got an unexpected keyword argument 'source'
2025-08-25 03:15:16,040 - ERROR - Error parsing product card: Product.__init__() got an unexpected keyword argument 'source'
2025-08-25 03:15:16,040 - ERROR - Error parsing product card: Product.__init__() got an unexpected keyword argument 'source'
2025-08-25 03:15:16,040 - ERROR - Error parsing product card: Product.__init__() got an unexpected keyword argument 'source'
2025-08-25 03:15:16,041 - ERROR - Error parsing product card: Product.__init__() got an unexpected keyword argument 'source'
2025-08-25 03:15:16,041 - ERROR - Error parsing product card: Product.__init__() got an unexpected keyword argument 'source'
2025-08-25 03:15:16,042 - ERROR - Error parsing product card: Product.__init__() got an unexpected keyword argument 'source'
2025-08-25 03:15:16,042 - ERROR - Error parsing product card: Product.__init__() got an unexpected keyword argument 'source'
2025-08-25 03:15:16,043 - ERROR - Error parsing product card: Product.__init__() got an unexpected keyword argument 'source'
2025-08-25 03:15:16,043 - ERROR - Error parsing product card: Product.__init__() got an unexpected keyword argument 'source'
2025-08-25 03:15:16,044 - ERROR - Error parsing product card: Product.__init__() got an unexpected keyword argument 'source'
2025-08-25 03:15:16,044 - ERROR - Error parsing product card: Product.__init__() got an unexpected keyword argument 'source'
2025-08-25 03:15:16,045 - ERROR - Error parsing product card: Product.__init__() got an unexpected keyword argument 'source'
2025-08-25 03:15:16,045 - ERROR - Error parsing product card: Product.__init__() got an unexpected keyword argument 'source'
2025-08-25 03:15:16,046 - ERROR - Error parsing product card: Product.__init__() got an unexpected keyword argument 'source'
2025-08-25 03:15:16,046 - ERROR - Error parsing product card: Product.__init__() got an unexpected keyword argument 'source'
2025-08-25 03:15:16,047 - ERROR - Error parsing product card: Product.__init__() got an unexpected keyword argument 'source'
2025-08-25 03:15:16,047 - ERROR - Error parsing product card: Product.__init__() got an unexpected keyword argument 'source'
2025-08-25 03:15:16,048 - ERROR - Error parsing product card: Product.__init__() got an unexpected keyword argument 'source'
2025-08-25 03:15:16,048 - ERROR - Error parsing product card: Product.__init__() got an unexpected keyword argument 'source'
2025-08-25 03:15:16,049 - ERROR - Error parsing product card: Product.__init__() got an unexpected keyword argument 'source'
2025-08-25 03:15:16,049 - ERROR - Error parsing product card: Product.__init__() got an unexpected keyword argument 'source'
2025-08-25 03:15:16,050 - ERROR - Error parsing product card: Product.__init__() got an unexpected keyword argument 'source'
2025-08-25 03:15:16,050 - ERROR - Error parsing product card: Product.__init__() got an unexpected keyword argument 'source'
2025-08-25 03:15:16,051 - ERROR - Error parsing product card: Product.__init__() got an unexpected keyword argument 'source'
2025-08-25 03:15:16,051 - ERROR - Error parsing product card: Product.__init__() got an unexpected keyword argument 'source'
2025-08-25 03:15:16,052 - ERROR - Error parsing product card: Product.__init__() got an unexpected keyword argument 'source'
2025-08-25 03:15:16,052 - ERROR - Error parsing product card: Product.__init__() got an unexpected keyword argument 'source'
2025-08-25 03:15:16,053 - ERROR - Error parsing product card: Product.__init__() got an unexpected keyword argument 'source'
2025-08-25 03:15:16,053 - ERROR - Error parsing product card: Product.__init__() got an unexpected keyword argument 'source'
2025-08-25 03:15:16,055 - ERROR - Error parsing product card: Product.__init__() got an unexpected keyword argument 'source'
2025-08-25 03:15:16,055 - ERROR - Error parsing product card: Product.__init__() got an unexpected keyword argument 'source'
2025-08-25 03:15:16,056 - ERROR - Error parsing product card: Product.__init__() got an unexpected keyword argument 'source'
2025-08-25 03:15:16,056 - ERROR - Error parsing product card: Product.__init__() got an unexpected keyword argument 'source'
2025-08-25 03:15:16,057 - ERROR - Error parsing product card: Product.__init__() got an unexpected keyword argument 'source'
2025-08-25 03:15:16,057 - ERROR - Error parsing product card: Product.__init__() got an unexpected keyword argument 'source'
2025-08-25 03:15:16,058 - ERROR - Error parsing product card: Product.__init__() got an unexpected keyword argument 'source'
2025-08-25 03:15:16,058 - ERROR - Error parsing product card: Product.__init__() got an unexpected keyword argument 'source'
2025-08-25 03:15:16,059 - ERROR - Error parsing product card: Product.__init__() got an unexpected keyword argument 'source'
2025-08-25 03:15:16,059 - ERROR - Error parsing product card: Product.__init__() got an unexpected keyword argument 'source'
2025-08-25 03:15:16,059 - INFO - Extracted 0 valid products using .product-card
2025-08-25 03:15:16,059 - WARNING - No products found on page 1 for Junya Watanabe
2025-08-25 03:15:16,059 - INFO - Completed Junya Watanabe: 0 total products across 1 pages
2025-08-25 03:15:30,413 - INFO - 🔍 Scraping brand: Comme Des Garçons
2025-08-25 03:15:30,414 - INFO - Action: Starting multi-page scrape for brand: Comme Des Garçons
2025-08-25 03:15:30,414 - INFO - Scraping Comme Des Garçons - Page 1/3
2025-08-25 03:15:30,414 - INFO - URL: https://www.therealreal.com/shop?keywords=Comme+Des+Gar%C3%A7ons&price_max=100&sort=price_low_to_high&department=men&page=1
2025-08-25 03:15:30,414 - INFO - Action: Making request to: https://www.therealreal.com/shop?keywords=Comme+Des+Gar%C3%A7ons&price_max=100&sort=price_low_to_high&department=men&page=1
2025-08-25 03:15:31,036 - INFO - Scraping page: All Categories | The RealReal
2025-08-25 03:15:31,055 - INFO - Found 119 items with selector: .product-card
2025-08-25 03:15:31,056 - ERROR - Error parsing product card: Product.__init__() got an unexpected keyword argument 'source'
2025-08-25 03:15:31,056 - ERROR - Error parsing product card: Product.__init__() got an unexpected keyword argument 'source'
2025-08-25 03:15:31,056 - ERROR - Error parsing product card: Product.__init__() got an unexpected keyword argument 'source'
2025-08-25 03:15:31,057 - ERROR - Error parsing product card: Product.__init__() got an unexpected keyword argument 'source'
2025-08-25 03:15:31,057 - ERROR - Error parsing product card: Product.__init__() got an unexpected keyword argument 'source'
2025-08-25 03:15:31,058 - ERROR - Error parsing product card: Product.__init__() got an unexpected keyword argument 'source'
2025-08-25 03:15:31,058 - ERROR - Error parsing product card: Product.__init__() got an unexpected keyword argument 'source'
2025-08-25 03:15:31,059 - ERROR - Error parsing product card: Product.__init__() got an unexpected keyword argument 'source'
2025-08-25 03:15:31,059 - ERROR - Error parsing product card: Product.__init__() got an unexpected keyword argument 'source'
2025-08-25 03:15:31,059 - ERROR - Error parsing product card: Product.__init__() got an unexpected keyword argument 'source'
2025-08-25 03:15:31,060 - ERROR - Error parsing product card: Product.__init__() got an unexpected keyword argument 'source'
2025-08-25 03:15:31,060 - ERROR - Error parsing product card: Product.__init__() got an unexpected keyword argument 'source'
2025-08-25 03:15:31,061 - ERROR - Error parsing product card: Product.__init__() got an unexpected keyword argument 'source'
2025-08-25 03:15:31,061 - ERROR - Error parsing product card: Product.__init__() got an unexpected keyword argument 'source'
2025-08-25 03:15:31,062 - ERROR - Error parsing product card: Product.__init__() got an unexpected keyword argument 'source'
2025-08-25 03:15:31,062 - ERROR - Error parsing product card: Product.__init__() got an unexpected keyword argument 'source'
2025-08-25 03:15:31,062 - ERROR - Error parsing product card: Product.__init__() got an unexpected keyword argument 'source'
2025-08-25 03:15:31,063 - ERROR - Error parsing product card: Product.__init__() got an unexpected keyword argument 'source'
2025-08-25 03:15:31,063 - ERROR - Error parsing product card: Product.__init__() got an unexpected keyword argument 'source'
2025-08-25 03:15:31,064 - ERROR - Error parsing product card: Product.__init__() got an unexpected keyword argument 'source'
2025-08-25 03:15:31,064 - ERROR - Error parsing product card: Product.__init__() got an unexpected keyword argument 'source'
2025-08-25 03:15:31,065 - ERROR - Error parsing product card: Product.__init__() got an unexpected keyword argument 'source'
2025-08-25 03:15:31,065 - ERROR - Error parsing product card: Product.__init__() got an unexpected keyword argument 'source'
2025-08-25 03:15:31,065 - ERROR - Error parsing product card: Product.__init__() got an unexpected keyword argument 'source'
2025-08-25 03:15:31,066 - ERROR - Error parsing product card: Product.__init__() got an unexpected keyword argument 'source'
2025-08-25 03:15:31,066 - ERROR - Error parsing product card: Product.__init__() got an unexpected keyword argument 'source'
2025-08-25 03:15:31,067 - ERROR - Error parsing product card: Product.__init__() got an unexpected keyword argument 'source'
2025-08-25 03:15:31,067 - ERROR - Error parsing product card: Product.__init__() got an unexpected keyword argument 'source'
2025-08-25 03:15:31,067 - ERROR - Error parsing product card: Product.__init__() got an unexpected keyword argument 'source'
2025-08-25 03:15:31,068 - ERROR - Error parsing product card: Product.__init__() got an unexpected keyword argument 'source'
2025-08-25 03:15:31,068 - ERROR - Error parsing product card: Product.__init__() got an unexpected keyword argument 'source'
2025-08-25 03:15:31,069 - ERROR - Error parsing product card: Product.__init__() got an unexpected keyword argument 'source'
2025-08-25 03:15:31,069 - ERROR - Error parsing product card: Product.__init__() got an unexpected keyword argument 'source'
2025-08-25 03:15:31,070 - ERROR - Error parsing product card: Product.__init__() got an unexpected keyword argument 'source'
2025-08-25 03:15:31,070 - ERROR - Error parsing product card: Product.__init__() got an unexpected keyword argument 'source'
2025-08-25 03:15:31,071 - ERROR - Error parsing product card: Product.__init__() got an unexpected keyword argument 'source'
2025-08-25 03:15:31,071 - ERROR - Error parsing product card: Product.__init__() got an unexpected keyword argument 'source'
2025-08-25 03:15:31,071 - ERROR - Error parsing product card: Product.__init__() got an unexpected keyword argument 'source'
2025-08-25 03:15:31,072 - ERROR - Error parsing product card: Product.__init__() got an unexpected keyword argument 'source'
2025-08-25 03:15:31,072 - ERROR - Error parsing product card: Product.__init__() got an unexpected keyword argument 'source'
2025-08-25 03:15:31,073 - ERROR - Error parsing product card: Product.__init__() got an unexpected keyword argument 'source'
2025-08-25 03:15:31,073 - ERROR - Error parsing product card: Product.__init__() got an unexpected keyword argument 'source'
2025-08-25 03:15:31,074 - ERROR - Error parsing product card: Product.__init__() got an unexpected keyword argument 'source'
2025-08-25 03:15:31,074 - ERROR - Error parsing product card: Product.__init__() got an unexpected keyword argument 'source'
2025-08-25 03:15:31,074 - ERROR - Error parsing product card: Product.__init__() got an unexpected keyword argument 'source'
2025-08-25 03:15:31,075 - ERROR - Error parsing product card: Product.__init__() got an unexpected keyword argument 'source'
2025-08-25 03:15:31,075 - ERROR - Error parsing product card: Product.__init__() got an unexpected keyword argument 'source'
2025-08-25 03:15:31,076 - ERROR - Error parsing product card: Product.__init__() got an unexpected keyword argument 'source'
2025-08-25 03:15:31,076 - ERROR - Error parsing product card: Product.__init__() got an unexpected keyword argument 'source'
2025-08-25 03:15:31,077 - ERROR - Error parsing product card: Product.__init__() got an unexpected keyword argument 'source'
2025-08-25 03:15:31,077 - ERROR - Error parsing product card: Product.__init__() got an unexpected keyword argument 'source'
2025-08-25 03:15:31,078 - ERROR - Error parsing product card: Product.__init__() got an unexpected keyword argument 'source'
2025-08-25 03:15:31,078 - ERROR - Error parsing product card: Product.__init__() got an unexpected keyword argument 'source'
2025-08-25 03:15:31,078 - ERROR - Error parsing product card: Product.__init__() got an unexpected keyword argument 'source'
2025-08-25 03:15:31,079 - ERROR - Error parsing product card: Product.__init__() got an unexpected keyword argument 'source'
2025-08-25 03:15:31,079 - ERROR - Error parsing product card: Product.__init__() got an unexpected keyword argument 'source'
2025-08-25 03:15:31,080 - ERROR - Error parsing product card: Product.__init__() got an unexpected keyword argument 'source'
2025-08-25 03:15:31,080 - ERROR - Error parsing product card: Product.__init__() got an unexpected keyword argument 'source'
2025-08-25 03:15:31,081 - ERROR - Error parsing product card: Product.__init__() got an unexpected keyword argument 'source'
2025-08-25 03:15:31,081 - ERROR - Error parsing product card: Product.__init__() got an unexpected keyword argument 'source'
2025-08-25 03:15:31,082 - ERROR - Error parsing product card: Product.__init__() got an unexpected keyword argument 'source'
2025-08-25 03:15:31,082 - ERROR - Error parsing product card: Product.__init__() got an unexpected keyword argument 'source'
2025-08-25 03:15:31,083 - ERROR - Error parsing product card: Product.__init__() got an unexpected keyword argument 'source'
2025-08-25 03:15:31,083 - ERROR - Error parsing product card: Product.__init__() got an unexpected keyword argument 'source'
2025-08-25 03:15:31,084 - ERROR - Error parsing product card: Product.__init__() got an unexpected keyword argument 'source'
2025-08-25 03:15:31,084 - ERROR - Error parsing product card: Product.__init__() got an unexpected keyword argument 'source'
2025-08-25 03:15:31,084 - ERROR - Error parsing product card: Product.__init__() got an unexpected keyword argument 'source'
2025-08-25 03:15:31,085 - ERROR - Error parsing product card: Product.__init__() got an unexpected keyword argument 'source'
2025-08-25 03:15:31,085 - ERROR - Error parsing product card: Product.__init__() got an unexpected keyword argument 'source'
2025-08-25 03:15:31,086 - ERROR - Error parsing product card: Product.__init__() got an unexpected keyword argument 'source'
2025-08-25 03:15:31,086 - ERROR - Error parsing product card: Product.__init__() got an unexpected keyword argument 'source'
2025-08-25 03:15:31,087 - ERROR - Error parsing product card: Product.__init__() got an unexpected keyword argument 'source'
2025-08-25 03:15:31,087 - ERROR - Error parsing product card: Product.__init__() got an unexpected keyword argument 'source'
2025-08-25 03:15:31,088 - ERROR - Error parsing product card: Product.__init__() got an unexpected keyword argument 'source'
2025-08-25 03:15:31,088 - ERROR - Error parsing product card: Product.__init__() got an unexpected keyword argument 'source'
2025-08-25 03:15:31,088 - ERROR - Error parsing product card: Product.__init__() got an unexpected keyword argument 'source'
2025-08-25 03:15:31,089 - ERROR - Error parsing product card: Product.__init__() got an unexpected keyword argument 'source'
2025-08-25 03:15:31,089 - ERROR - Error parsing product card: Product.__init__() got an unexpected keyword argument 'source'
2025-08-25 03:15:31,090 - ERROR - Error parsing product card: Product.__init__() got an unexpected keyword argument 'source'
2025-08-25 03:15:31,090 - ERROR - Error parsing product card: Product.__init__() got an unexpected keyword argument 'source'
2025-08-25 03:15:31,091 - ERROR - Error parsing product card: Product.__init__() got an unexpected keyword argument 'source'
2025-08-25 03:15:31,091 - ERROR - Error parsing product card: Product.__init__() got an unexpected keyword argument 'source'
2025-08-25 03:15:31,092 - ERROR - Error parsing product card: Product.__init__() got an unexpected keyword argument 'source'
2025-08-25 03:15:31,092 - ERROR - Error parsing product card: Product.__init__() got an unexpected keyword argument 'source'
2025-08-25 03:15:31,092 - ERROR - Error parsing product card: Product.__init__() got an unexpected keyword argument 'source'
2025-08-25 03:15:31,093 - ERROR - Error parsing product card: Product.__init__() got an unexpected keyword argument 'source'
2025-08-25 03:15:31,093 - ERROR - Error parsing product card: Product.__init__() got an unexpected keyword argument 'source'
2025-08-25 03:15:31,094 - ERROR - Error parsing product card: Product.__init__() got an unexpected keyword argument 'source'
2025-08-25 03:15:31,094 - ERROR - Error parsing product card: Product.__init__() got an unexpected keyword argument 'source'
2025-08-25 03:15:31,095 - ERROR - Error parsing product card: Product.__init__() got an unexpected keyword argument 'source'
2025-08-25 03:15:31,095 - ERROR - Error parsing product card: Product.__init__() got an unexpected keyword argument 'source'
2025-08-25 03:15:31,096 - ERROR - Error parsing product card: Product.__init__() got an unexpected keyword argument 'source'
2025-08-25 03:15:31,096 - ERROR - Error parsing product card: Product.__init__() got an unexpected keyword argument 'source'
2025-08-25 03:15:31,097 - ERROR - Error parsing product card: Product.__init__() got an unexpected keyword argument 'source'
2025-08-25 03:15:31,097 - ERROR - Error parsing product card: Product.__init__() got an unexpected keyword argument 'source'
2025-08-25 03:15:31,098 - ERROR - Error parsing product card: Product.__init__() got an unexpected keyword argument 'source'
2025-08-25 03:15:31,098 - ERROR - Error parsing product card: Product.__init__() got an unexpected keyword argument 'source'
2025-08-25 03:15:31,098 - ERROR - Error parsing product card: Product.__init__() got an unexpected keyword argument 'source'
2025-08-25 03:15:31,099 - ERROR - Error parsing product card: Product.__init__() got an unexpected keyword argument 'source'
2025-08-25 03:15:31,099 - ERROR - Error parsing product card: Product.__init__() got an unexpected keyword argument 'source'
2025-08-25 03:15:31,100 - ERROR - Error parsing product card: Product.__init__() got an unexpected keyword argument 'source'
2025-08-25 03:15:31,100 - ERROR - Error parsing product card: Product.__init__() got an unexpected keyword argument 'source'
2025-08-25 03:15:31,101 - ERROR - Error parsing product card: Product.__init__() got an unexpected keyword argument 'source'
2025-08-25 03:15:31,101 - ERROR - Error parsing product card: Product.__init__() got an unexpected keyword argument 'source'
2025-08-25 03:15:31,102 - ERROR - Error parsing product card: Product.__init__() got an unexpected keyword argument 'source'
2025-08-25 03:15:31,102 - ERROR - Error parsing product card: Product.__init__() got an unexpected keyword argument 'source'
2025-08-25 03:15:31,103 - ERROR - Error parsing product card: Product.__init__() got an unexpected keyword argument 'source'
2025-08-25 03:15:31,103 - ERROR - Error parsing product card: Product.__init__() got an unexpected keyword argument 'source'
2025-08-25 03:15:31,103 - ERROR - Error parsing product card: Product.__init__() got an unexpected keyword argument 'source'
2025-08-25 03:15:31,104 - ERROR - Error parsing product card: Product.__init__() got an unexpected keyword argument 'source'
2025-08-25 03:15:31,104 - ERROR - Error parsing product card: Product.__init__() got an unexpected keyword argument 'source'
2025-08-25 03:15:31,105 - ERROR - Error parsing product card: Product.__init__() got an unexpected keyword argument 'source'
2025-08-25 03:15:31,105 - ERROR - Error parsing product card: Product.__init__() got an unexpected keyword argument 'source'
2025-08-25 03:15:31,106 - ERROR - Error parsing product card: Product.__init__() got an unexpected keyword argument 'source'
2025-08-25 03:15:31,106 - ERROR - Error parsing product card: Product.__init__() got an unexpected keyword argument 'source'
2025-08-25 03:15:31,107 - ERROR - Error parsing product card: Product.__init__() got an unexpected keyword argument 'source'
2025-08-25 03:15:31,107 - ERROR - Error parsing product card: Product.__init__() got an unexpected keyword argument 'source'
2025-08-25 03:15:31,107 - ERROR - Error parsing product card: Product.__init__() got an unexpected keyword argument 'source'
2025-08-25 03:15:31,108 - ERROR - Error parsing product card: Product.__init__() got an unexpected keyword argument 'source'
2025-08-25 03:15:31,108 - INFO - Extracted 0 valid products using .product-card
2025-08-25 03:15:31,108 - WARNING - No products found on page 1 for Comme Des Garçons
2025-08-25 03:15:31,108 - INFO - Completed Comme Des Garçons: 0 total products across 1 pages
